This file contains any messages produced by compilers while
running configure, to aid debugging if configure makes a mistake.

It was created by csmile configure 0.0.1, which was
generated by GNU Autoconf 2.63.  Invocation command line was

  $ ./configure 

## --------- ##
## Platform. ##
## --------- ##

hostname = localhost.localdomain
uname -m = x86_64
uname -r = 2.6.27.5-117.fc10.x86_64
uname -s = Linux
uname -v = #1 SMP Tue Nov 18 11:58:53 EST 2008

/usr/bin/uname -p = unknown
/bin/uname -X     = unknown

/bin/arch              = x86_64
/usr/bin/arch -k       = unknown
/usr/convex/getsysinfo = unknown
/usr/bin/hostinfo      = unknown
/bin/machine           = unknown
/usr/bin/oslevel       = unknown
/bin/universe          = unknown

PATH: /usr/lib64/qt-3.3/bin
PATH: /usr/kerberos/bin
PATH: /usr/lib64/ccache
PATH: /usr/local/bin
PATH: /usr/bin
PATH: /bin
PATH: /usr/local/sbin
PATH: /usr/sbin
PATH: /sbin
PATH: /sbin
PATH: /opt/scratchbox
PATH: /home/aalonso/bin
PATH: /sbin
PATH: /opt/scratchbox


## ----------- ##
## Core tests. ##
## ----------- ##

configure:1898: checking for a BSD-compatible install
configure:1966: result: /usr/bin/install -c
configure:1977: checking whether build environment is sane
configure:2020: result: yes
configure:2045: checking for a thread-safe mkdir -p
configure:2084: result: /bin/mkdir -p
configure:2097: checking for gawk
configure:2113: found /usr/bin/gawk
configure:2124: result: gawk
configure:2135: checking whether make sets $(MAKE)
configure:2157: result: yes
configure:2352: checking build system type
configure:2370: result: x86_64-unknown-linux-gnu
configure:2392: checking host system type
configure:2407: result: x86_64-unknown-linux-gnu
configure:2479: checking for gcc
configure:2495: found /usr/lib64/ccache/gcc
configure:2506: result: gcc
configure:2738: checking for C compiler version
configure:2746: gcc --version >&5
gcc (GCC) 4.3.2 20081105 (Red Hat 4.3.2-7)
Copyright (C) 2008 Free Software Foundation, Inc.
This is free software; see the source for copying conditions.  There is NO
warranty; not even for MERCHANTABILITY or FITNESS FOR A PARTICULAR PURPOSE.

configure:2750: $? = 0
configure:2757: gcc -v >&5
Using built-in specs.
Target: x86_64-redhat-linux
Configured with: ../configure --prefix=/usr --mandir=/usr/share/man --infodir=/usr/share/info --with-bugurl=http://bugzilla.redhat.com/bugzilla --enable-bootstrap --enable-shared --enable-threads=posix --enable-checking=release --with-system-zlib --enable-__cxa_atexit --disable-libunwind-exceptions --enable-languages=c,c++,objc,obj-c++,java,fortran,ada --enable-java-awt=gtk --disable-dssi --enable-plugin --with-java-home=/usr/lib/jvm/java-1.5.0-gcj-1.5.0.0/jre --enable-libgcj-multifile --enable-java-maintainer-mode --with-ecj-jar=/usr/share/java/eclipse-ecj.jar --disable-libjava-multilib --with-cpu=generic --build=x86_64-redhat-linux
Thread model: posix
gcc version 4.3.2 20081105 (Red Hat 4.3.2-7) (GCC) 
configure:2761: $? = 0
configure:2768: gcc -V >&5
gcc: '-V' option must have argument
configure:2772: $? = 1
configure:2795: checking for C compiler default output file name
configure:2817: gcc    conftest.c  >&5
configure:2821: $? = 0
configure:2859: result: a.out
configure:2878: checking whether the C compiler works
configure:2888: ./a.out
configure:2892: $? = 0
configure:2911: result: yes
configure:2918: checking whether we are cross compiling
configure:2920: result: no
configure:2923: checking for suffix of executables
configure:2930: gcc -o conftest    conftest.c  >&5
configure:2934: $? = 0
configure:2960: result: 
configure:2966: checking for suffix of object files
configure:2992: gcc -c   conftest.c >&5
configure:2996: $? = 0
configure:3021: result: o
configure:3025: checking whether we are using the GNU C compiler
configure:3054: gcc -c   conftest.c >&5
configure:3061: $? = 0
configure:3078: result: yes
configure:3087: checking whether gcc accepts -g
configure:3117: gcc -c -g  conftest.c >&5
configure:3124: $? = 0
configure:3225: result: yes
configure:3242: checking for gcc option to accept ISO C89
configure:3316: gcc  -c -g -O2  conftest.c >&5
configure:3323: $? = 0
configure:3346: result: none needed
configure:3375: checking for style of include used by make
configure:3403: result: GNU
configure:3428: checking dependency style of gcc
configure:3519: result: gcc3
configure:3548: checking for a BSD-compatible install
configure:3616: result: /usr/bin/install -c
configure:3631: checking for g_thread_init in -lgthread-2.0
configure:3666: gcc -o conftest -g -O2   conftest.c -lgthread-2.0   >&5
configure:3673: $? = 0
configure:3694: result: yes
configure:3707: checking how to run the C preprocessor
configure:3747: gcc -E  conftest.c
configure:3754: $? = 0
configure:3785: gcc -E  conftest.c
conftest.c:10:28: error: ac_nonexistent.h: No such file or directory
configure:3792: $? = 1
configure: failed program was:
| /* confdefs.h.  */
| #define PACKAGE_NAME "csmile"
| #define PACKAGE_TARNAME "csmile"
| #define PACKAGE_VERSION "0.0.1"
| #define PACKAGE_STRING "csmile 0.0.1"
| #define PACKAGE_BUGREPORT "aalonso00@gmail.com"
| #define PACKAGE "csmile"
| #define VERSION "0.0.1"
| /* end confdefs.h.  */
| #include <ac_nonexistent.h>
configure:3825: result: gcc -E
configure:3854: gcc -E  conftest.c
configure:3861: $? = 0
configure:3892: gcc -E  conftest.c
conftest.c:10:28: error: ac_nonexistent.h: No such file or directory
configure:3899: $? = 1
configure: failed program was:
| /* confdefs.h.  */
| #define PACKAGE_NAME "csmile"
| #define PACKAGE_TARNAME "csmile"
| #define PACKAGE_VERSION "0.0.1"
| #define PACKAGE_STRING "csmile 0.0.1"
| #define PACKAGE_BUGREPORT "aalonso00@gmail.com"
| #define PACKAGE "csmile"
| #define VERSION "0.0.1"
| /* end confdefs.h.  */
| #include <ac_nonexistent.h>
configure:3939: checking for grep that handles long lines and -e
configure:3999: result: /bin/grep
configure:4004: checking for egrep
configure:4068: result: /bin/grep -E
configure:4073: checking for ANSI C header files
configure:4103: gcc -c -g -O2  conftest.c >&5
configure:4110: $? = 0
configure:4209: gcc -o conftest -g -O2   conftest.c  >&5
configure:4213: $? = 0
configure:4219: ./conftest
configure:4223: $? = 0
configure:4241: result: yes
configure:4265: checking for sys/types.h
configure:4286: gcc -c -g -O2  conftest.c >&5
configure:4293: $? = 0
configure:4310: result: yes
configure:4265: checking for sys/stat.h
configure:4286: gcc -c -g -O2  conftest.c >&5
configure:4293: $? = 0
configure:4310: result: yes
configure:4265: checking for stdlib.h
configure:4286: gcc -c -g -O2  conftest.c >&5
configure:4293: $? = 0
configure:4310: result: yes
configure:4265: checking for string.h
configure:4286: gcc -c -g -O2  conftest.c >&5
configure:4293: $? = 0
configure:4310: result: yes
configure:4265: checking for memory.h
configure:4286: gcc -c -g -O2  conftest.c >&5
configure:4293: $? = 0
configure:4310: result: yes
configure:4265: checking for strings.h
configure:4286: gcc -c -g -O2  conftest.c >&5
configure:4293: $? = 0
configure:4310: result: yes
configure:4265: checking for inttypes.h
configure:4286: gcc -c -g -O2  conftest.c >&5
configure:4293: $? = 0
configure:4310: result: yes
configure:4265: checking for stdint.h
configure:4286: gcc -c -g -O2  conftest.c >&5
configure:4293: $? = 0
configure:4310: result: yes
configure:4265: checking for unistd.h
configure:4286: gcc -c -g -O2  conftest.c >&5
configure:4293: $? = 0
configure:4310: result: yes
configure:4330: checking for string.h
configure:4337: result: yes
configure:4330: checking for unistd.h
configure:4337: result: yes
configure:4479: checking whether to enable maintainer-specific portions of Makefiles
configure:4488: result: no
configure:4562: checking for pkg-config
configure:4580: found /usr/bin/pkg-config
configure:4592: result: /usr/bin/pkg-config
configure:4617: checking pkg-config is at least version 0.9.0
configure:4620: result: yes
configure:4631: checking for GOBJECT
configure:4638: $PKG_CONFIG --exists --print-errors "$gobject_modules"
configure:4641: $? = 0
configure:4654: $PKG_CONFIG --exists --print-errors "$gobject_modules"
configure:4657: $? = 0
configure:4734: result: yes
configure:4866: creating ./config.status

## ---------------------- ##
## Running config.status. ##
## ---------------------- ##

This file was extended by csmile config.status 0.0.1, which was
generated by GNU Autoconf 2.63.  Invocation command line was

  CONFIG_FILES    = 
  CONFIG_HEADERS  = 
  CONFIG_LINKS    = 
  CONFIG_COMMANDS = 
  $ ./config.status 

on localhost.localdomain

config.status:788: creating Makefile
config.status:788: creating src/Makefile
config.status:788: creating config.h
config.status:1010: config.h is unchanged
config.status:1062: executing depfiles commands

## ---------------- ##
## Cache variables. ##
## ---------------- ##

ac_cv_build=x86_64-unknown-linux-gnu
ac_cv_c_compiler_gnu=yes
ac_cv_env_CC_set=
ac_cv_env_CC_value=
ac_cv_env_CFLAGS_set=
ac_cv_env_CFLAGS_value=
ac_cv_env_CPPFLAGS_set=
ac_cv_env_CPPFLAGS_value=
ac_cv_env_CPP_set=
ac_cv_env_CPP_value=
ac_cv_env_GOBJECT_CFLAGS_set=
ac_cv_env_GOBJECT_CFLAGS_value=
ac_cv_env_GOBJECT_LIBS_set=
ac_cv_env_GOBJECT_LIBS_value=
ac_cv_env_LDFLAGS_set=
ac_cv_env_LDFLAGS_value=
ac_cv_env_LIBS_set=
ac_cv_env_LIBS_value=
ac_cv_env_PKG_CONFIG_set=
ac_cv_env_PKG_CONFIG_value=
ac_cv_env_build_alias_set=
ac_cv_env_build_alias_value=
ac_cv_env_host_alias_set=
ac_cv_env_host_alias_value=
ac_cv_env_target_alias_set=
ac_cv_env_target_alias_value=
ac_cv_header_inttypes_h=yes
ac_cv_header_memory_h=yes
ac_cv_header_stdc=yes
ac_cv_header_stdint_h=yes
ac_cv_header_stdlib_h=yes
ac_cv_header_string_h=yes
ac_cv_header_strings_h=yes
ac_cv_header_sys_stat_h=yes
ac_cv_header_sys_types_h=yes
ac_cv_header_unistd_h=yes
ac_cv_host=x86_64-unknown-linux-gnu
ac_cv_lib_gthread_2_0_g_thread_init=yes
ac_cv_objext=o
ac_cv_path_EGREP='/bin/grep -E'
ac_cv_path_GREP=/bin/grep
ac_cv_path_ac_pt_PKG_CONFIG=/usr/bin/pkg-config
ac_cv_path_install='/usr/bin/install -c'
ac_cv_path_mkdir=/bin/mkdir
ac_cv_prog_AWK=gawk
ac_cv_prog_CPP='gcc -E'
ac_cv_prog_ac_ct_CC=gcc
ac_cv_prog_cc_c89=
ac_cv_prog_cc_g=yes
ac_cv_prog_make_make_set=yes
am_cv_CC_dependencies_compiler_type=gcc3
pkg_cv_GOBJECT_CFLAGS='-pthread -I/usr/include/glib-2.0 -I/usr/lib64/glib-2.0/include -I/usr/include/gtk-2.0 -I/usr/lib64/gtk-2.0/include -I/usr/include/atk-1.0 -I/usr/include/cairo -I/usr/include/pango-1.0 -I/usr/include/freetype2 -I/usr/include/gstreamer-0.10 -I/usr/include/libxml2  '
pkg_cv_GOBJECT_LIBS='-pthread -lgtk-x11-2.0 -latk-1.0 -lgio-2.0 -lpangoft2-1.0 -lfreetype -lfontconfig -lgdk-x11-2.0 -lgdk_pixbuf-2.0 -lpangocairo-1.0 -lpango-1.0 -lcairo -lgstinterfaces-0.10 -lgstreamer-0.10 -lgobject-2.0 -lgmodule-2.0 -lgthread-2.0 -lrt -lxml2 -lglib-2.0  '

## ----------------- ##
## Output variables. ##
## ----------------- ##

ACLOCAL='${SHELL} /home/aalonso/workspace/maemo/cSmile_0.0.1/missing --run aclocal-1.10'
AMDEPBACKSLASH='\'
AMDEP_FALSE='#'
AMDEP_TRUE=''
AMTAR='${SHELL} /home/aalonso/workspace/maemo/cSmile_0.0.1/missing --run tar'
AUTOCONF='${SHELL} /home/aalonso/workspace/maemo/cSmile_0.0.1/missing --run autoconf'
AUTOHEADER='${SHELL} /home/aalonso/workspace/maemo/cSmile_0.0.1/missing --run autoheader'
AUTOMAKE='${SHELL} /home/aalonso/workspace/maemo/cSmile_0.0.1/missing --run automake-1.10'
AWK='gawk'
CC='gcc'
CCDEPMODE='depmode=gcc3'
CFLAGS='-g -O2 -Wall -pedantic'
CPP='gcc -E'
CPPFLAGS=''
CYGPATH_W='echo'
DEFS='-DHAVE_CONFIG_H'
DEPDIR='.deps'
ECHO_C=''
ECHO_N='-n'
ECHO_T=''
EGREP='/bin/grep -E'
EXEEXT=''
GOBJECT_CFLAGS='-pthread -I/usr/include/glib-2.0 -I/usr/lib64/glib-2.0/include -I/usr/include/gtk-2.0 -I/usr/lib64/gtk-2.0/include -I/usr/include/atk-1.0 -I/usr/include/cairo -I/usr/include/pango-1.0 -I/usr/include/freetype2 -I/usr/include/gstreamer-0.10 -I/usr/include/libxml2  '
GOBJECT_LIBS='-pthread -lgtk-x11-2.0 -latk-1.0 -lgio-2.0 -lpangoft2-1.0 -lfreetype -lfontconfig -lgdk-x11-2.0 -lgdk_pixbuf-2.0 -lpangocairo-1.0 -lpango-1.0 -lcairo -lgstinterfaces-0.10 -lgstreamer-0.10 -lgobject-2.0 -lgmodule-2.0 -lgthread-2.0 -lrt -lxml2 -lglib-2.0  '
GREP='/bin/grep'
INSTALL_DATA='${INSTALL} -m 644'
INSTALL_PROGRAM='${INSTALL}'
INSTALL_SCRIPT='${INSTALL}'
INSTALL_STRIP_PROGRAM='$(install_sh) -c -s'
LDFLAGS=''
LIBOBJS=''
LIBS=''
LTLIBOBJS=''
MAINT='#'
MAINTAINER_MODE_FALSE=''
MAINTAINER_MODE_TRUE='#'
MAKEINFO='${SHELL} /home/aalonso/workspace/maemo/cSmile_0.0.1/missing --run makeinfo'
MKDIR_P='/bin/mkdir -p'
OBJEXT='o'
PACKAGE='csmile'
PACKAGE_BUGREPORT='aalonso00@gmail.com'
PACKAGE_NAME='csmile'
PACKAGE_STRING='csmile 0.0.1'
PACKAGE_TARNAME='csmile'
PACKAGE_VERSION='0.0.1'
PATH_SEPARATOR=':'
PKG_CONFIG='/usr/bin/pkg-config'
SET_MAKE=''
SHELL='/bin/sh'
STRIP=''
VERSION='0.0.1'
ac_ct_CC='gcc'
am__fastdepCC_FALSE='#'
am__fastdepCC_TRUE=''
am__include='include'
am__isrc=''
am__leading_dot='.'
am__quote=''
am__tar='${AMTAR} chof - "$$tardir"'
am__untar='${AMTAR} xf -'
bindir='${exec_prefix}/bin'
build='x86_64-unknown-linux-gnu'
build_alias=''
build_cpu='x86_64'
build_os='linux-gnu'
build_vendor='unknown'
datadir='${datarootdir}'
datarootdir='${prefix}/share'
docdir='${datarootdir}/doc/${PACKAGE_TARNAME}'
dvidir='${docdir}'
exec_prefix='${prefix}'
host='x86_64-unknown-linux-gnu'
host_alias=''
host_cpu='x86_64'
host_os='linux-gnu'
host_vendor='unknown'
htmldir='${docdir}'
includedir='${prefix}/include'
infodir='${datarootdir}/info'
install_sh='$(SHELL) /home/aalonso/workspace/maemo/cSmile_0.0.1/install-sh'
libdir='${exec_prefix}/lib'
libexecdir='${exec_prefix}/libexec'
localedir='${datarootdir}/locale'
localstatedir='${prefix}/var'
mandir='${datarootdir}/man'
mkdir_p='/bin/mkdir -p'
oldincludedir='/usr/include'
pdfdir='${docdir}'
prefix='/usr/local'
program_transform_name='s,x,x,'
psdir='${docdir}'
sbindir='${exec_prefix}/sbin'
sharedstatedir='${prefix}/com'
sysconfdir='${prefix}/etc'
target_alias=''

## ----------- ##
## confdefs.h. ##
## ----------- ##

#define PACKAGE_NAME "csmile"
#define PACKAGE_TARNAME "csmile"
#define PACKAGE_VERSION "0.0.1"
#define PACKAGE_STRING "csmile 0.0.1"
#define PACKAGE_BUGREPORT "aalonso00@gmail.com"
#define PACKAGE "csmile"
#define VERSION "0.0.1"
#define STDC_HEADERS 1
#define HAVE_SYS_TYPES_H 1
#define HAVE_SYS_STAT_H 1
#define HAVE_STDLIB_H 1
#define HAVE_STRING_H 1
#define HAVE_MEMORY_H 1
#define HAVE_STRINGS_H 1
#define HAVE_INTTYPES_H 1
#define HAVE_STDINT_H 1
#define HAVE_UNISTD_H 1
#define HAVE_STRING_H 1
#define HAVE_UNISTD_H 1

configure: exit 0
